Using pre-set license
Built from '2020.3/staging' branch; Version is '2020.3.8f1 (507919d4fff5) revision 5273881'; Using compiler version '192528614'; Build Type 'Release'
OS: 'Windows 10 Pro; OS build 19044.1645; Version 2009; 64bit' Language: 'en' Physical Memory: 16201 MB
BatchMode: 1, IsHumanControllingUs: 0, StartBugReporterOnCrash: 0, Is64bit: 1, IsPro: 0

 COMMAND LINE ARGUMENTS:
C:\Program Files\Unity\Hub\Editor\2020.3.8f1\Editor\Unity.exe
-adb2
-batchMode
-noUpm
-name
AssetImportWorker0
-projectPath
C:/Users/senno/OneDrive/Bureaublad/School/MUSE/Project-MUSE/MUSE
-logFile
Logs/AssetImportWorker0.log
-srvPort
55707
Successfully changed project path to: C:/Users/senno/OneDrive/Bureaublad/School/MUSE/Project-MUSE/MUSE
C:/Users/senno/OneDrive/Bureaublad/School/MUSE/Project-MUSE/MUSE
Using Asset Import Pipeline V2.
Refreshing native plugins compatible for Editor in 19.43 ms, found 0 plugins.
Preloading 0 native plugins for Editor in 0.00 ms.
Initialize engine version: 2020.3.8f1 (507919d4fff5)
[Subsystems] Discovering subsystems at path C:/Program Files/Unity/Hub/Editor/2020.3.8f1/Editor/Data/Resources/UnitySubsystems
[Subsystems] Discovering subsystems at path C:/Users/senno/OneDrive/Bureaublad/School/MUSE/Project-MUSE/MUSE/Assets
GfxDevice: creating device client; threaded=0
Direct3D:
    Version:  Direct3D 11.0 [level 11.1]
    Renderer: NVIDIA GeForce RTX 2070 with Max-Q Design (ID=0x1f14)
    Vendor:   
    VRAM:     8031 MB
    Driver:   30.0.15.1123
Initialize mono
Mono path[0] = 'C:/Program Files/Unity/Hub/Editor/2020.3.8f1/Editor/Data/Managed'
Mono path[1] = 'C:/Program Files/Unity/Hub/Editor/2020.3.8f1/Editor/Data/MonoBleedingEdge/lib/mono/unityjit'
Mono config path = 'C:/Program Files/Unity/Hub/Editor/2020.3.8f1/Editor/Data/MonoBleedingEdge/etc'
Using monoOptions --debugger-agent=transport=dt_socket,embedding=1,server=y,suspend=n,address=127.0.0.1:56732
Begin MonoManager ReloadAssembly
Registering precompiled unity dll's ...
Register platform support module: C:/Program Files/Unity/Hub/Editor/2020.3.8f1/Editor/Data/PlaybackEngines/WebGLSupport/UnityEditor.WebGL.Extensions.dll
Register platform support module: C:/Program Files/Unity/Hub/Editor/2020.3.8f1/Editor/Data/PlaybackEngines/WindowsStandaloneSupport/UnityEditor.WindowsStandalone.Extensions.dll
Registered in 0.002047 seconds.
Native extension for WindowsStandalone target not found
Native extension for WebGL target not found
Refreshing native plugins compatible for Editor in 25.44 ms, found 0 plugins.
Preloading 0 native plugins for Editor in 0.00 ms.
Mono: successfully reloaded assembly
- Completed reload, in  1.027 seconds
Platform modules already initialized, skipping
Registering precompiled user dll's ...
Registered in 0.000556 seconds.
Begin MonoManager ReloadAssembly
Native extension for WindowsStandalone target not found
Native extension for WebGL target not found
Refreshing native plugins compatible for Editor in 0.18 ms, found 0 plugins.
Preloading 0 native plugins for Editor in 0.00 ms.
Mono: successfully reloaded assembly
- Completed reload, in  0.673 seconds
Platform modules already initialized, skipping
========================================================================
Worker process is ready to serve import requests
Launched and connected shader compiler UnityShaderCompiler.exe after 0.04 seconds
Refreshing native plugins compatible for Editor in 0.17 ms, found 0 plugins.
Preloading 0 native plugins for Editor in 0.00 ms.
Unloading 1115 Unused Serialized files (Serialized files now loaded: 0)
System memory in use before: 57.1 MB.
System memory in use after: 57.2 MB.

Unloading 10 unused Assets to reduce memory usage. Loaded Objects now: 1557.
Total: 1.265400 ms (FindLiveObjects: 0.102000 ms CreateObjectMapping: 0.029800 ms MarkObjects: 1.080000 ms  DeleteObjects: 0.053000 ms)

========================================================================
Received Import Request.
  path: Assets/droid_conceptmodel.obj
  artifactKey: Guid(a0de81bdd1d0378489fc5551f993415e) Importer(815301076,1909f56bfc062723c751e8b465ee728b)
Start importing Assets/droid_conceptmodel.obj using Guid(a0de81bdd1d0378489fc5551f993415e) Importer(815301076,1909f56bfc062723c751e8b465ee728b)  -> (artifact id: '804e8a0fc22a7b882f94fc2e135bdaa5') in 0.284042 seconds
  Import took 0.286048 seconds .

========================================================================
Received Import Request.
  Time since last request: 0.000267 seconds.
  path: Assets
  artifactKey: Guid(00000000000000001000000000000000) Importer(815301076,1909f56bfc062723c751e8b465ee728b)
Start importing Assets using Guid(00000000000000001000000000000000) Importer(815301076,1909f56bfc062723c751e8b465ee728b)  -> (artifact id: '42d402b061de3733987d63b9cc3b64de') in 0.005746 seconds
  Import took 0.007695 seconds .

========================================================================
Received Import Request.
  Time since last request: 5.297630 seconds.
  path: Assets/Models
  artifactKey: Guid(cf65bf3b1e39ee8419af1cd0f17be80f) Importer(815301076,1909f56bfc062723c751e8b465ee728b)
Start importing Assets/Models using Guid(cf65bf3b1e39ee8419af1cd0f17be80f) Importer(815301076,1909f56bfc062723c751e8b465ee728b)  -> (artifact id: '8150d7c1c6442e253e9e166328e80625') in 0.006480 seconds
  Import took 0.009769 seconds .

AssetImportWorkerClient::OnTransportError - code=2 error=End of file
