Using pre-set license
Built from '2020.3/staging' branch; Version is '2020.3.8f1 (507919d4fff5) revision 5273881'; Using compiler version '192528614'; Build Type 'Release'
OS: 'Windows 10 Pro; OS build 19044.1645; Version 2009; 64bit' Language: 'en' Physical Memory: 16201 MB
BatchMode: 1, IsHumanControllingUs: 0, StartBugReporterOnCrash: 0, Is64bit: 1, IsPro: 0

 COMMAND LINE ARGUMENTS:
C:\Program Files\Unity\Hub\Editor\2020.3.8f1\Editor\Unity.exe
-adb2
-batchMode
-noUpm
-name
AssetImportWorker0
-projectPath
C:/Users/senno/OneDrive/Bureaublad/School/MUSE/Project-MUSE/MUSE Project
-logFile
Logs/AssetImportWorker0.log
-srvPort
55805
Successfully changed project path to: C:/Users/senno/OneDrive/Bureaublad/School/MUSE/Project-MUSE/MUSE Project
C:/Users/senno/OneDrive/Bureaublad/School/MUSE/Project-MUSE/MUSE Project
Using Asset Import Pipeline V2.
Refreshing native plugins compatible for Editor in 25.91 ms, found 0 plugins.
Preloading 0 native plugins for Editor in 0.00 ms.
Initialize engine version: 2020.3.8f1 (507919d4fff5)
[Subsystems] Discovering subsystems at path C:/Program Files/Unity/Hub/Editor/2020.3.8f1/Editor/Data/Resources/UnitySubsystems
[Subsystems] Discovering subsystems at path C:/Users/senno/OneDrive/Bureaublad/School/MUSE/Project-MUSE/MUSE Project/Assets
GfxDevice: creating device client; threaded=0
Direct3D:
    Version:  Direct3D 11.0 [level 11.1]
    Renderer: NVIDIA GeForce RTX 2070 with Max-Q Design (ID=0x1f14)
    Vendor:   
    VRAM:     8031 MB
    Driver:   30.0.15.1123
Initialize mono
Mono path[0] = 'C:/Program Files/Unity/Hub/Editor/2020.3.8f1/Editor/Data/Managed'
Mono path[1] = 'C:/Program Files/Unity/Hub/Editor/2020.3.8f1/Editor/Data/MonoBleedingEdge/lib/mono/unityjit'
Mono config path = 'C:/Program Files/Unity/Hub/Editor/2020.3.8f1/Editor/Data/MonoBleedingEdge/etc'
Using monoOptions --debugger-agent=transport=dt_socket,embedding=1,server=y,suspend=n,address=127.0.0.1:56604
Begin MonoManager ReloadAssembly
Registering precompiled unity dll's ...
Register platform support module: C:/Program Files/Unity/Hub/Editor/2020.3.8f1/Editor/Data/PlaybackEngines/WebGLSupport/UnityEditor.WebGL.Extensions.dll
Register platform support module: C:/Program Files/Unity/Hub/Editor/2020.3.8f1/Editor/Data/PlaybackEngines/WindowsStandaloneSupport/UnityEditor.WindowsStandalone.Extensions.dll
Registered in 0.010109 seconds.
Native extension for WindowsStandalone target not found
Native extension for WebGL target not found
Refreshing native plugins compatible for Editor in 23.26 ms, found 0 plugins.
Preloading 0 native plugins for Editor in 0.00 ms.
Mono: successfully reloaded assembly
- Completed reload, in  6.896 seconds
Platform modules already initialized, skipping
Registering precompiled user dll's ...
Registered in 0.005246 seconds.
Begin MonoManager ReloadAssembly
Native extension for WindowsStandalone target not found
Native extension for WebGL target not found
Refreshing native plugins compatible for Editor in 0.18 ms, found 0 plugins.
Preloading 0 native plugins for Editor in 0.00 ms.
Mono: successfully reloaded assembly
- Completed reload, in  0.861 seconds
Platform modules already initialized, skipping
========================================================================
Worker process is ready to serve import requests
Launched and connected shader compiler UnityShaderCompiler.exe after 0.05 seconds
Refreshing native plugins compatible for Editor in 0.37 ms, found 0 plugins.
Preloading 0 native plugins for Editor in 0.00 ms.
Unloading 1118 Unused Serialized files (Serialized files now loaded: 0)
System memory in use before: 69.4 MB.
System memory in use after: 69.4 MB.

Unloading 10 unused Assets to reduce memory usage. Loaded Objects now: 1574.
Total: 1.591200 ms (FindLiveObjects: 0.130000 ms CreateObjectMapping: 0.034500 ms MarkObjects: 1.350700 ms  DeleteObjects: 0.074400 ms)

========================================================================
Received Import Request.
  path: Assets/Scripts/PlayerMovement.cs
  artifactKey: Guid(929575ccff20dc14ca04a99aeec8f082) Importer(815301076,1909f56bfc062723c751e8b465ee728b)
Start importing Assets/Scripts/PlayerMovement.cs using Guid(929575ccff20dc14ca04a99aeec8f082) Importer(815301076,1909f56bfc062723c751e8b465ee728b)  -> (artifact id: 'c8bf6dbd1d8742c1c0f21b8de7b715b0') in 0.044268 seconds
  Import took 0.046955 seconds .

========================================================================
Received Prepare
Registering precompiled user dll's ...
Registered in 0.000857 seconds.
Begin MonoManager ReloadAssembly
Native extension for WindowsStandalone target not found
Native extension for WebGL target not found
Refreshing native plugins compatible for Editor in 0.18 ms, found 0 plugins.
Preloading 0 native plugins for Editor in 0.00 ms.
Mono: successfully reloaded assembly
- Completed reload, in  0.642 seconds
Platform modules already initialized, skipping
Refreshing native plugins compatible for Editor in 0.19 ms, found 0 plugins.
Preloading 0 native plugins for Editor in 0.00 ms.
Unloading 1113 Unused Serialized files (Serialized files now loaded: 0)
System memory in use before: 69.3 MB.
System memory in use after: 69.4 MB.

Unloading 5 unused Assets to reduce memory usage. Loaded Objects now: 1577.
Total: 1.305000 ms (FindLiveObjects: 0.117500 ms CreateObjectMapping: 0.037600 ms MarkObjects: 1.099500 ms  DeleteObjects: 0.049600 ms)

========================================================================
Received Import Request.
  Time since last request: 1249.281924 seconds.
  path: Assets/New Physic Material.physicMaterial
  artifactKey: Guid(2bbf1a460615ff341a12625ccc081f41) Importer(815301076,1909f56bfc062723c751e8b465ee728b)
Start importing Assets/New Physic Material.physicMaterial using Guid(2bbf1a460615ff341a12625ccc081f41) Importer(815301076,1909f56bfc062723c751e8b465ee728b)  -> (artifact id: '88083555ee2b08e5f2e15199d4d62675') in 0.019544 seconds
  Import took 0.021025 seconds .

========================================================================
Received Prepare
Registering precompiled user dll's ...
Registered in 0.000597 seconds.
Begin MonoManager ReloadAssembly
Native extension for WindowsStandalone target not found
Native extension for WebGL target not found
Refreshing native plugins compatible for Editor in 0.19 ms, found 0 plugins.
Preloading 0 native plugins for Editor in 0.00 ms.
Mono: successfully reloaded assembly
- Completed reload, in  0.674 seconds
Platform modules already initialized, skipping
Refreshing native plugins compatible for Editor in 0.22 ms, found 0 plugins.
Preloading 0 native plugins for Editor in 0.00 ms.
Unloading 1113 Unused Serialized files (Serialized files now loaded: 0)
System memory in use before: 69.4 MB.
System memory in use after: 69.4 MB.

Unloading 5 unused Assets to reduce memory usage. Loaded Objects now: 1580.
Total: 1.373600 ms (FindLiveObjects: 0.129300 ms CreateObjectMapping: 0.033200 ms MarkObjects: 1.163300 ms  DeleteObjects: 0.047100 ms)

========================================================================
Received Import Request.
  Time since last request: 88.282994 seconds.
  path: Assets/New Physic Material.physicMaterial
  artifactKey: Guid(2bbf1a460615ff341a12625ccc081f41) Importer(815301076,1909f56bfc062723c751e8b465ee728b)
Start importing Assets/New Physic Material.physicMaterial using Guid(2bbf1a460615ff341a12625ccc081f41) Importer(815301076,1909f56bfc062723c751e8b465ee728b)  -> (artifact id: '08953aa3738589b3e6b4ccb553edce80') in 0.009467 seconds
  Import took 0.011342 seconds .

========================================================================
Received Prepare
Registering precompiled user dll's ...
Registered in 0.000692 seconds.
Begin MonoManager ReloadAssembly
Native extension for WindowsStandalone target not found
Native extension for WebGL target not found
Refreshing native plugins compatible for Editor in 0.21 ms, found 0 plugins.
Preloading 0 native plugins for Editor in 0.00 ms.
Mono: successfully reloaded assembly
- Completed reload, in  0.678 seconds
Platform modules already initialized, skipping
Refreshing native plugins compatible for Editor in 0.18 ms, found 0 plugins.
Preloading 0 native plugins for Editor in 0.00 ms.
Unloading 1113 Unused Serialized files (Serialized files now loaded: 0)
System memory in use before: 69.4 MB.
System memory in use after: 69.5 MB.

Unloading 5 unused Assets to reduce memory usage. Loaded Objects now: 1583.
Total: 1.380900 ms (FindLiveObjects: 0.111100 ms CreateObjectMapping: 0.064100 ms MarkObjects: 1.155700 ms  DeleteObjects: 0.049400 ms)

========================================================================
Received Import Request.
  Time since last request: 349.483590 seconds.
  path: Assets/New Physic Material.physicMaterial
  artifactKey: Guid(2bbf1a460615ff341a12625ccc081f41) Importer(815301076,1909f56bfc062723c751e8b465ee728b)
Start importing Assets/New Physic Material.physicMaterial using Guid(2bbf1a460615ff341a12625ccc081f41) Importer(815301076,1909f56bfc062723c751e8b465ee728b)  -> (artifact id: 'bebfc08ebf5bafcc97d3e2ea20a9e615') in 0.009550 seconds
  Import took 0.011053 seconds .

========================================================================
Received Prepare
Registering precompiled user dll's ...
Registered in 0.000591 seconds.
Begin MonoManager ReloadAssembly
Native extension for WindowsStandalone target not found
Native extension for WebGL target not found
Refreshing native plugins compatible for Editor in 0.18 ms, found 0 plugins.
Preloading 0 native plugins for Editor in 0.00 ms.
Mono: successfully reloaded assembly
- Completed reload, in  0.680 seconds
Platform modules already initialized, skipping
Refreshing native plugins compatible for Editor in 0.20 ms, found 0 plugins.
Preloading 0 native plugins for Editor in 0.00 ms.
Unloading 1113 Unused Serialized files (Serialized files now loaded: 0)
System memory in use before: 69.4 MB.
System memory in use after: 69.5 MB.

Unloading 5 unused Assets to reduce memory usage. Loaded Objects now: 1586.
Total: 1.468900 ms (FindLiveObjects: 0.131600 ms CreateObjectMapping: 0.035300 ms MarkObjects: 1.239400 ms  DeleteObjects: 0.061700 ms)

========================================================================
Received Prepare
Registering precompiled user dll's ...
Registered in 0.000565 seconds.
Begin MonoManager ReloadAssembly
Native extension for WindowsStandalone target not found
Native extension for WebGL target not found
Refreshing native plugins compatible for Editor in 0.18 ms, found 0 plugins.
Preloading 0 native plugins for Editor in 0.00 ms.
Mono: successfully reloaded assembly
- Completed reload, in  0.668 seconds
Platform modules already initialized, skipping
Refreshing native plugins compatible for Editor in 0.19 ms, found 0 plugins.
Preloading 0 native plugins for Editor in 0.00 ms.
Unloading 1113 Unused Serialized files (Serialized files now loaded: 0)
System memory in use before: 69.4 MB.
System memory in use after: 69.5 MB.

Unloading 5 unused Assets to reduce memory usage. Loaded Objects now: 1589.
Total: 1.355000 ms (FindLiveObjects: 0.115800 ms CreateObjectMapping: 0.033100 ms MarkObjects: 1.156600 ms  DeleteObjects: 0.048800 ms)

========================================================================
Received Import Request.
  Time since last request: 262.953427 seconds.
  path: Assets/Textures/New Material.mat
  artifactKey: Guid(08d5eb06cb49862459c92666f46822f8) Importer(815301076,1909f56bfc062723c751e8b465ee728b)
Start importing Assets/Textures/New Material.mat using Guid(08d5eb06cb49862459c92666f46822f8) Importer(815301076,1909f56bfc062723c751e8b465ee728b)  -> (artifact id: 'a00d3989ee8dc9620017c0ed4af1acdd') in 0.111783 seconds
  Import took 0.113534 seconds .

========================================================================
Received Import Request.
  Time since last request: 26.998523 seconds.
  path: Assets/Textures/New Material.mat
  artifactKey: Guid(08d5eb06cb49862459c92666f46822f8) Importer(815301076,1909f56bfc062723c751e8b465ee728b)
Start importing Assets/Textures/New Material.mat using Guid(08d5eb06cb49862459c92666f46822f8) Importer(815301076,1909f56bfc062723c751e8b465ee728b)  -> (artifact id: 'c469e4406427ae51800e34b9506a26db') in 0.013527 seconds
  Import took 0.015494 seconds .

========================================================================
Received Prepare
Registering precompiled user dll's ...
Registered in 0.000517 seconds.
Begin MonoManager ReloadAssembly
Native extension for WindowsStandalone target not found
Native extension for WebGL target not found
Refreshing native plugins compatible for Editor in 0.20 ms, found 0 plugins.
Preloading 0 native plugins for Editor in 0.00 ms.
Mono: successfully reloaded assembly
- Completed reload, in  0.655 seconds
Platform modules already initialized, skipping
Refreshing native plugins compatible for Editor in 0.19 ms, found 0 plugins.
Preloading 0 native plugins for Editor in 0.00 ms.
Unloading 1113 Unused Serialized files (Serialized files now loaded: 0)
System memory in use before: 72.7 MB.
System memory in use after: 72.8 MB.

Unloading 6 unused Assets to reduce memory usage. Loaded Objects now: 1632.
Total: 1.311100 ms (FindLiveObjects: 0.115700 ms CreateObjectMapping: 0.031500 ms MarkObjects: 1.109900 ms  DeleteObjects: 0.053500 ms)

========================================================================
Received Prepare
Registering precompiled user dll's ...
Registered in 0.000518 seconds.
Begin MonoManager ReloadAssembly
Native extension for WindowsStandalone target not found
Native extension for WebGL target not found
Refreshing native plugins compatible for Editor in 0.18 ms, found 0 plugins.
Preloading 0 native plugins for Editor in 0.00 ms.
Mono: successfully reloaded assembly
- Completed reload, in  0.647 seconds
Platform modules already initialized, skipping
Refreshing native plugins compatible for Editor in 0.18 ms, found 0 plugins.
Preloading 0 native plugins for Editor in 0.00 ms.
Unloading 1113 Unused Serialized files (Serialized files now loaded: 0)
System memory in use before: 72.8 MB.
System memory in use after: 72.8 MB.

Unloading 5 unused Assets to reduce memory usage. Loaded Objects now: 1635.
Total: 1.302200 ms (FindLiveObjects: 0.113200 ms CreateObjectMapping: 0.031100 ms MarkObjects: 1.110000 ms  DeleteObjects: 0.047400 ms)

========================================================================
Received Import Request.
  Time since last request: 173.865341 seconds.
  path: Assets/Textures/New Material 2.mat
  artifactKey: Guid(2cb783abe208c5b44befea6411edfa9b) Importer(815301076,1909f56bfc062723c751e8b465ee728b)
Start importing Assets/Textures/New Material 2.mat using Guid(2cb783abe208c5b44befea6411edfa9b) Importer(815301076,1909f56bfc062723c751e8b465ee728b)  -> (artifact id: 'cbe12a01b070d786c9d07a922b3fd2f9') in 0.052907 seconds
  Import took 0.055104 seconds .

========================================================================
Received Import Request.
  Time since last request: 30.931233 seconds.
  path: Assets/Textures/PlayerPH.mat
  artifactKey: Guid(ba92c2e6a3e53f34bb9a8250bad3cc7d) Importer(815301076,1909f56bfc062723c751e8b465ee728b)
Start importing Assets/Textures/PlayerPH.mat using Guid(ba92c2e6a3e53f34bb9a8250bad3cc7d) Importer(815301076,1909f56bfc062723c751e8b465ee728b)  -> (artifact id: '4e2e7326b568388e607efd1694ced803') in 0.010233 seconds
  Import took 0.012254 seconds .

========================================================================
Received Import Request.
  Time since last request: 4.860878 seconds.
  path: Assets/Textures/WallPH.mat
  artifactKey: Guid(2cb783abe208c5b44befea6411edfa9b) Importer(815301076,1909f56bfc062723c751e8b465ee728b)
Start importing Assets/Textures/WallPH.mat using Guid(2cb783abe208c5b44befea6411edfa9b) Importer(815301076,1909f56bfc062723c751e8b465ee728b)  -> (artifact id: 'fcb4ecb86f0a7ecb879d6f79ad778f0c') in 0.014845 seconds
  Import took 0.016900 seconds .

========================================================================
Received Import Request.
  Time since last request: 5.793237 seconds.
  path: Assets/Textures/FloorPH.mat
  artifactKey: Guid(08d5eb06cb49862459c92666f46822f8) Importer(815301076,1909f56bfc062723c751e8b465ee728b)
Start importing Assets/Textures/FloorPH.mat using Guid(08d5eb06cb49862459c92666f46822f8) Importer(815301076,1909f56bfc062723c751e8b465ee728b)  -> (artifact id: 'd7c28ee37001df463859b42ac1c4c0b8') in 0.011351 seconds
  Import took 0.013497 seconds .

========================================================================
Received Prepare
Registering precompiled user dll's ...
Registered in 0.000615 seconds.
Begin MonoManager ReloadAssembly
Native extension for WindowsStandalone target not found
Native extension for WebGL target not found
Refreshing native plugins compatible for Editor in 0.18 ms, found 0 plugins.
Preloading 0 native plugins for Editor in 0.00 ms.
Mono: successfully reloaded assembly
- Completed reload, in  0.657 seconds
Platform modules already initialized, skipping
Refreshing native plugins compatible for Editor in 0.18 ms, found 0 plugins.
Preloading 0 native plugins for Editor in 0.00 ms.
Unloading 1113 Unused Serialized files (Serialized files now loaded: 0)
System memory in use before: 72.8 MB.
System memory in use after: 72.8 MB.

Unloading 6 unused Assets to reduce memory usage. Loaded Objects now: 1639.
Total: 1.434900 ms (FindLiveObjects: 0.125700 ms CreateObjectMapping: 0.035600 ms MarkObjects: 1.199800 ms  DeleteObjects: 0.073000 ms)

========================================================================
Received Import Request.
  Time since last request: 275.231931 seconds.
  path: Assets/Textures/FloorPH.mat
  artifactKey: Guid(08d5eb06cb49862459c92666f46822f8) Importer(815301076,1909f56bfc062723c751e8b465ee728b)
Start importing Assets/Textures/FloorPH.mat using Guid(08d5eb06cb49862459c92666f46822f8) Importer(815301076,1909f56bfc062723c751e8b465ee728b)  -> (artifact id: 'eb99ebe38555710e0dcef062f4086307') in 0.051822 seconds
  Import took 0.053785 seconds .

========================================================================
Received Import Request.
  Time since last request: 0.000179 seconds.
  path: Assets/Textures/WallPH.mat
  artifactKey: Guid(2cb783abe208c5b44befea6411edfa9b) Importer(815301076,1909f56bfc062723c751e8b465ee728b)
Start importing Assets/Textures/WallPH.mat using Guid(2cb783abe208c5b44befea6411edfa9b) Importer(815301076,1909f56bfc062723c751e8b465ee728b)  -> (artifact id: '8d37d0dd5470baa5262c41d0a0a14060') in 0.011919 seconds
  Import took 0.013987 seconds .

========================================================================
Received Prepare
Registering precompiled user dll's ...
Registered in 0.000598 seconds.
Begin MonoManager ReloadAssembly
Native extension for WindowsStandalone target not found
Native extension for WebGL target not found
Refreshing native plugins compatible for Editor in 0.18 ms, found 0 plugins.
Preloading 0 native plugins for Editor in 0.00 ms.
Mono: successfully reloaded assembly
- Completed reload, in  0.668 seconds
Platform modules already initialized, skipping
Refreshing native plugins compatible for Editor in 0.18 ms, found 0 plugins.
Preloading 0 native plugins for Editor in 0.00 ms.
Unloading 1113 Unused Serialized files (Serialized files now loaded: 0)
System memory in use before: 72.8 MB.
System memory in use after: 72.9 MB.

Unloading 6 unused Assets to reduce memory usage. Loaded Objects now: 1643.
Total: 1.623300 ms (FindLiveObjects: 0.112100 ms CreateObjectMapping: 0.029600 ms MarkObjects: 1.372300 ms  DeleteObjects: 0.108600 ms)

========================================================================
Received Prepare
Registering precompiled user dll's ...
Registered in 0.000589 seconds.
Begin MonoManager ReloadAssembly
Native extension for WindowsStandalone target not found
Native extension for WebGL target not found
Refreshing native plugins compatible for Editor in 0.20 ms, found 0 plugins.
Preloading 0 native plugins for Editor in 0.00 ms.
Mono: successfully reloaded assembly
- Completed reload, in  0.649 seconds
Platform modules already initialized, skipping
Refreshing native plugins compatible for Editor in 0.18 ms, found 0 plugins.
Preloading 0 native plugins for Editor in 0.00 ms.
Unloading 1113 Unused Serialized files (Serialized files now loaded: 0)
System memory in use before: 72.8 MB.
System memory in use after: 72.9 MB.

Unloading 5 unused Assets to reduce memory usage. Loaded Objects now: 1646.
Total: 1.323600 ms (FindLiveObjects: 0.112200 ms CreateObjectMapping: 0.030300 ms MarkObjects: 1.131800 ms  DeleteObjects: 0.048800 ms)

========================================================================
Received Import Request.
  Time since last request: 629.021360 seconds.
  path: Assets/Textures/New Render Texture.renderTexture
  artifactKey: Guid(8b2f6ca9e04cc614d8cfe4eaa5701749) Importer(815301076,1909f56bfc062723c751e8b465ee728b)
Start importing Assets/Textures/New Render Texture.renderTexture using Guid(8b2f6ca9e04cc614d8cfe4eaa5701749) Importer(815301076,1909f56bfc062723c751e8b465ee728b)  -> (artifact id: '1c723a0e70eb3d5daed1864452dcc547') in 0.035691 seconds
  Import took 0.037590 seconds .

========================================================================
Received Import Request.
  Time since last request: 16.187602 seconds.
  path: Assets/Textures/New Material.mat
  artifactKey: Guid(0e4daa178999c3f4dabb4f84b1f276e4) Importer(815301076,1909f56bfc062723c751e8b465ee728b)
Start importing Assets/Textures/New Material.mat using Guid(0e4daa178999c3f4dabb4f84b1f276e4) Importer(815301076,1909f56bfc062723c751e8b465ee728b)  -> (artifact id: '20ca4113ea6e962a5a2ba83b0ce60404') in 0.026541 seconds
  Import took 0.028297 seconds .

========================================================================
Received Prepare
Registering precompiled user dll's ...
Registered in 0.000750 seconds.
Begin MonoManager ReloadAssembly
Native extension for WindowsStandalone target not found
Native extension for WebGL target not found
Refreshing native plugins compatible for Editor in 0.19 ms, found 0 plugins.
Preloading 0 native plugins for Editor in 0.00 ms.
Mono: successfully reloaded assembly
- Completed reload, in  0.691 seconds
Platform modules already initialized, skipping
Refreshing native plugins compatible for Editor in 0.26 ms, found 0 plugins.
Preloading 0 native plugins for Editor in 0.00 ms.
Unloading 1113 Unused Serialized files (Serialized files now loaded: 0)
System memory in use before: 72.8 MB.
System memory in use after: 72.9 MB.

Unloading 5 unused Assets to reduce memory usage. Loaded Objects now: 1653.
Total: 1.493000 ms (FindLiveObjects: 0.161300 ms CreateObjectMapping: 0.040900 ms MarkObjects: 1.234400 ms  DeleteObjects: 0.055600 ms)

========================================================================
Received Import Request.
  Time since last request: 298.674336 seconds.
  path: Assets/Textures/WallPH.mat
  artifactKey: Guid(2cb783abe208c5b44befea6411edfa9b) Importer(815301076,1909f56bfc062723c751e8b465ee728b)
Start importing Assets/Textures/WallPH.mat using Guid(2cb783abe208c5b44befea6411edfa9b) Importer(815301076,1909f56bfc062723c751e8b465ee728b)  -> (artifact id: '6136a6488a6ebd411bd421ad9c223f26') in 0.055735 seconds
  Import took 0.057968 seconds .

========================================================================
Received Prepare
Registering precompiled user dll's ...
Registered in 0.001976 seconds.
Begin MonoManager ReloadAssembly
Native extension for WindowsStandalone target not found
Native extension for WebGL target not found
Refreshing native plugins compatible for Editor in 0.70 ms, found 0 plugins.
Preloading 0 native plugins for Editor in 0.00 ms.
Mono: successfully reloaded assembly
- Completed reload, in  1.213 seconds
Platform modules already initialized, skipping
Refreshing native plugins compatible for Editor in 0.24 ms, found 0 plugins.
Preloading 0 native plugins for Editor in 0.00 ms.
Unloading 1113 Unused Serialized files (Serialized files now loaded: 0)
System memory in use before: 72.8 MB.
System memory in use after: 72.9 MB.

Unloading 5 unused Assets to reduce memory usage. Loaded Objects now: 1657.
Total: 2.500700 ms (FindLiveObjects: 0.140100 ms CreateObjectMapping: 0.062800 ms MarkObjects: 2.158300 ms  DeleteObjects: 0.138600 ms)

========================================================================
Received Prepare
Registering precompiled user dll's ...
Registered in 0.000661 seconds.
Begin MonoManager ReloadAssembly
Native extension for WindowsStandalone target not found
Native extension for WebGL target not found
Refreshing native plugins compatible for Editor in 0.19 ms, found 0 plugins.
Preloading 0 native plugins for Editor in 0.00 ms.
Mono: successfully reloaded assembly
- Completed reload, in  0.701 seconds
Platform modules already initialized, skipping
Refreshing native plugins compatible for Editor in 0.19 ms, found 0 plugins.
Preloading 0 native plugins for Editor in 0.00 ms.
Unloading 1113 Unused Serialized files (Serialized files now loaded: 0)
System memory in use before: 72.8 MB.
System memory in use after: 72.9 MB.

Unloading 5 unused Assets to reduce memory usage. Loaded Objects now: 1660.
Total: 1.400000 ms (FindLiveObjects: 0.134800 ms CreateObjectMapping: 0.035000 ms MarkObjects: 1.172100 ms  DeleteObjects: 0.057400 ms)

AssetImportWorkerClient::OnTransportError - code=2 error=End of file
