Using pre-set license
Built from '2020.3/staging' branch; Version is '2020.3.8f1 (507919d4fff5) revision 5273881'; Using compiler version '192528614'; Build Type 'Release'
OS: 'Windows 10 Pro; OS build 19044.1706; Version 2009; 64bit' Language: 'en' Physical Memory: 16201 MB
BatchMode: 1, IsHumanControllingUs: 0, StartBugReporterOnCrash: 0, Is64bit: 1, IsPro: 0

 COMMAND LINE ARGUMENTS:
C:\Program Files\Unity\Hub\Editor\2020.3.8f1\Editor\Unity.exe
-adb2
-batchMode
-noUpm
-name
AssetImportWorker0
-projectPath
C:/Users/senno/OneDrive/Bureaublad/School/MUSE/Project-MUSE/MUSE Project
-logFile
Logs/AssetImportWorker0.log
-srvPort
54580
Successfully changed project path to: C:/Users/senno/OneDrive/Bureaublad/School/MUSE/Project-MUSE/MUSE Project
C:/Users/senno/OneDrive/Bureaublad/School/MUSE/Project-MUSE/MUSE Project
Using Asset Import Pipeline V2.
Refreshing native plugins compatible for Editor in 24.23 ms, found 0 plugins.
Preloading 0 native plugins for Editor in 0.00 ms.
Initialize engine version: 2020.3.8f1 (507919d4fff5)
[Subsystems] Discovering subsystems at path C:/Program Files/Unity/Hub/Editor/2020.3.8f1/Editor/Data/Resources/UnitySubsystems
[Subsystems] Discovering subsystems at path C:/Users/senno/OneDrive/Bureaublad/School/MUSE/Project-MUSE/MUSE Project/Assets
GfxDevice: creating device client; threaded=0
Direct3D:
    Version:  Direct3D 11.0 [level 11.1]
    Renderer: NVIDIA GeForce RTX 2070 with Max-Q Design (ID=0x1f14)
    Vendor:   
    VRAM:     8031 MB
    Driver:   30.0.15.1123
Initialize mono
Mono path[0] = 'C:/Program Files/Unity/Hub/Editor/2020.3.8f1/Editor/Data/Managed'
Mono path[1] = 'C:/Program Files/Unity/Hub/Editor/2020.3.8f1/Editor/Data/MonoBleedingEdge/lib/mono/unityjit'
Mono config path = 'C:/Program Files/Unity/Hub/Editor/2020.3.8f1/Editor/Data/MonoBleedingEdge/etc'
Using monoOptions --debugger-agent=transport=dt_socket,embedding=1,server=y,suspend=n,address=127.0.0.1:56200
Begin MonoManager ReloadAssembly
Registering precompiled unity dll's ...
Register platform support module: C:/Program Files/Unity/Hub/Editor/2020.3.8f1/Editor/Data/PlaybackEngines/WebGLSupport/UnityEditor.WebGL.Extensions.dll
Register platform support module: C:/Program Files/Unity/Hub/Editor/2020.3.8f1/Editor/Data/PlaybackEngines/WindowsStandaloneSupport/UnityEditor.WindowsStandalone.Extensions.dll
Registered in 0.002234 seconds.
Native extension for WindowsStandalone target not found
Native extension for WebGL target not found
Refreshing native plugins compatible for Editor in 26.57 ms, found 0 plugins.
Preloading 0 native plugins for Editor in 0.00 ms.
Mono: successfully reloaded assembly
- Completed reload, in  0.997 seconds
Platform modules already initialized, skipping
Registering precompiled user dll's ...
Registered in 0.000584 seconds.
Begin MonoManager ReloadAssembly
Native extension for WindowsStandalone target not found
Native extension for WebGL target not found
Refreshing native plugins compatible for Editor in 25.83 ms, found 0 plugins.
Preloading 0 native plugins for Editor in 0.00 ms.
Mono: successfully reloaded assembly
- Completed reload, in  0.827 seconds
Platform modules already initialized, skipping
========================================================================
Worker process is ready to serve import requests
Launched and connected shader compiler UnityShaderCompiler.exe after 0.03 seconds
Refreshing native plugins compatible for Editor in 0.40 ms, found 0 plugins.
Preloading 0 native plugins for Editor in 0.00 ms.
Unloading 1430 Unused Serialized files (Serialized files now loaded: 0)
System memory in use before: 80.4 MB.
System memory in use after: 80.4 MB.

Unloading 12 unused Assets to reduce memory usage. Loaded Objects now: 1889.
Total: 2.377900 ms (FindLiveObjects: 0.157400 ms CreateObjectMapping: 0.045100 ms MarkObjects: 2.061900 ms  DeleteObjects: 0.112300 ms)

========================================================================
Received Import Request.
  path: Assets/New Terrain.asset
  artifactKey: Guid(c6d5c1ae7e1d7a1498f1bd172cf9b389) Importer(815301076,1909f56bfc062723c751e8b465ee728b)
Start importing Assets/New Terrain.asset using Guid(c6d5c1ae7e1d7a1498f1bd172cf9b389) Importer(815301076,1909f56bfc062723c751e8b465ee728b)  -> (artifact id: 'adfbc27ff1cabc5f0b93ea5593b09512') in 0.031628 seconds
  Import took 0.034359 seconds .

========================================================================
Received Import Request.
  Time since last request: 0.000303 seconds.
  path: Assets/World_Blockout_01.fbx
  artifactKey: Guid(9285dea7e18a32d40ab1df06c61700a1) Importer(815301076,1909f56bfc062723c751e8b465ee728b)
Start importing Assets/World_Blockout_01.fbx using Guid(9285dea7e18a32d40ab1df06c61700a1) Importer(815301076,1909f56bfc062723c751e8b465ee728b)  -> (artifact id: '85c3b889e3efc081f52731cf666229b4') in 0.194179 seconds
  Import took 0.197405 seconds .

========================================================================
Received Import Request.
  Time since last request: 0.000169 seconds.
  path: Assets/New Physic Material.physicMaterial
  artifactKey: Guid(2bbf1a460615ff341a12625ccc081f41) Importer(815301076,1909f56bfc062723c751e8b465ee728b)
Start importing Assets/New Physic Material.physicMaterial using Guid(2bbf1a460615ff341a12625ccc081f41) Importer(815301076,1909f56bfc062723c751e8b465ee728b)  -> (artifact id: '11295b52d877b22ee32d062e32d649c2') in 0.008766 seconds
  Import took 0.012435 seconds .

========================================================================
Received Import Request.
  Time since last request: 83.769332 seconds.
  path: Assets/Scenes/MainJayden.unity
  artifactKey: Guid(3aa3dd3f2ef337a45bfd2a113203647e) Importer(815301076,1909f56bfc062723c751e8b465ee728b)
Start importing Assets/Scenes/MainJayden.unity using Guid(3aa3dd3f2ef337a45bfd2a113203647e) Importer(815301076,1909f56bfc062723c751e8b465ee728b)  -> (artifact id: '714bcf04caf51edf836071acbb408166') in 0.003490 seconds
  Import took 0.005834 seconds .

========================================================================
Received Import Request.
  Time since last request: 0.007969 seconds.
  path: Assets/Scenes/MainJayden.unity
  artifactKey: Guid(3aa3dd3f2ef337a45bfd2a113203647e) Importer(815301076,1909f56bfc062723c751e8b465ee728b)
Start importing Assets/Scenes/MainJayden.unity using Guid(3aa3dd3f2ef337a45bfd2a113203647e) Importer(815301076,1909f56bfc062723c751e8b465ee728b)  -> (artifact id: '714bcf04caf51edf836071acbb408166') in 0.002875 seconds
  Import took 0.005196 seconds .

========================================================================
Received Import Request.
  Time since last request: 8.693787 seconds.
  path: Assets/Scenes/Main.unity
  artifactKey: Guid(44c5cd307a52f8146a02a5c94fbd6dad) Importer(815301076,1909f56bfc062723c751e8b465ee728b)
Start importing Assets/Scenes/Main.unity using Guid(44c5cd307a52f8146a02a5c94fbd6dad) Importer(815301076,1909f56bfc062723c751e8b465ee728b)  -> (artifact id: 'b168ea8b4c83ddbb3b5e5b0380673d48') in 0.003537 seconds
  Import took 0.006452 seconds .

========================================================================
Received Import Request.
  Time since last request: 0.463919 seconds.
  path: Assets/Scenes/MainMenu.unity
  artifactKey: Guid(e218d92d46dfe0248a2107ef2b86f904) Importer(815301076,1909f56bfc062723c751e8b465ee728b)
Start importing Assets/Scenes/MainMenu.unity using Guid(e218d92d46dfe0248a2107ef2b86f904) Importer(815301076,1909f56bfc062723c751e8b465ee728b)  -> (artifact id: '3e57c2008438fcfde4745c427a2da784') in 0.005491 seconds
  Import took 0.007972 seconds .

========================================================================
Received Import Request.
  Time since last request: 0.639923 seconds.
  path: Assets/Scenes/WinScreen.unity
  artifactKey: Guid(5855651ce44c13d4fa14077789497ada) Importer(815301076,1909f56bfc062723c751e8b465ee728b)
Start importing Assets/Scenes/WinScreen.unity using Guid(5855651ce44c13d4fa14077789497ada) Importer(815301076,1909f56bfc062723c751e8b465ee728b)  -> (artifact id: '6fe39399c0ae2b55b922bdf5baa1a5c2') in 0.007719 seconds
  Import took 0.010817 seconds .

========================================================================
Received Import Request.
  Time since last request: 0.490160 seconds.
  path: Assets/Scenes/world Map.unity
  artifactKey: Guid(771d7ae59bf421242a607bb1b353760c) Importer(815301076,1909f56bfc062723c751e8b465ee728b)
Start importing Assets/Scenes/world Map.unity using Guid(771d7ae59bf421242a607bb1b353760c) Importer(815301076,1909f56bfc062723c751e8b465ee728b)  -> (artifact id: '9c9b020caeed5ff574e95456a567ab04') in 0.006787 seconds
  Import took 0.009199 seconds .

========================================================================
Received Import Request.
  Time since last request: 12.978474 seconds.
  path: Assets/Scenes/Main
  artifactKey: Guid(92e9842be4086934ea8c41f70c96af72) Importer(815301076,1909f56bfc062723c751e8b465ee728b)
Start importing Assets/Scenes/Main using Guid(92e9842be4086934ea8c41f70c96af72) Importer(815301076,1909f56bfc062723c751e8b465ee728b)  -> (artifact id: '7f2eae04601e46d5295eb9791196aba8') in 0.003519 seconds
  Import took 0.006056 seconds .

========================================================================
Received Import Request.
  Time since last request: 0.145214 seconds.
  path: Assets/Scenes/Main/NavMesh.asset
  artifactKey: Guid(2a2bbb237d55ba1409f3e041efd8846d) Importer(815301076,1909f56bfc062723c751e8b465ee728b)
Start importing Assets/Scenes/Main/NavMesh.asset using Guid(2a2bbb237d55ba1409f3e041efd8846d) Importer(815301076,1909f56bfc062723c751e8b465ee728b)  -> (artifact id: 'e7f7141eaf74f49ecfd678c13bec12fd') in 0.003528 seconds
  Import took 0.005699 seconds .

========================================================================
Received Import Request.
  Time since last request: 9.001836 seconds.
  path: Assets/Prefabs/Cube.prefab
  artifactKey: Guid(d9ee806308285f4469baa951b6a4e124) Importer(815301076,1909f56bfc062723c751e8b465ee728b)
Start importing Assets/Prefabs/Cube.prefab using Guid(d9ee806308285f4469baa951b6a4e124) Importer(815301076,1909f56bfc062723c751e8b465ee728b)  -> (artifact id: '36ad50f6de38a7e2d89745350273b2ad') in 0.013154 seconds
  Import took 0.015586 seconds .

========================================================================
Received Import Request.
  Time since last request: 0.000180 seconds.
  path: Assets/Prefabs/New Material.mat
  artifactKey: Guid(9abf6a0c0e569fd40aaf639e71b10604) Importer(815301076,1909f56bfc062723c751e8b465ee728b)
Start importing Assets/Prefabs/New Material.mat using Guid(9abf6a0c0e569fd40aaf639e71b10604) Importer(815301076,1909f56bfc062723c751e8b465ee728b)  -> (artifact id: '986d5138c098b9ac4f959e74b34b7795') in 0.015173 seconds
  Import took 0.017291 seconds .

========================================================================
Received Import Request.
  Time since last request: 0.000245 seconds.
  path: Assets/Prefabs/Waypoint.prefab
  artifactKey: Guid(947c983687d20894d92812fc6bb2d0f6) Importer(815301076,1909f56bfc062723c751e8b465ee728b)
Start importing Assets/Prefabs/Waypoint.prefab using Guid(947c983687d20894d92812fc6bb2d0f6) Importer(815301076,1909f56bfc062723c751e8b465ee728b)  -> (artifact id: 'd765846ef40abb7d1599cb610b48f3b3') in 0.007295 seconds
  Import took 0.009962 seconds .

========================================================================
Received Import Request.
  Time since last request: 0.000181 seconds.
  path: Assets/Prefabs/RedditAdmin Variant.prefab
  artifactKey: Guid(a5a335f969bca0244aa0e87a6e3c18dc) Importer(815301076,1909f56bfc062723c751e8b465ee728b)
Start importing Assets/Prefabs/RedditAdmin Variant.prefab using Guid(a5a335f969bca0244aa0e87a6e3c18dc) Importer(815301076,1909f56bfc062723c751e8b465ee728b)  -> (artifact id: '795d94f9081d6df02f2f50ff15767e68') in 0.007342 seconds
  Import took 0.009465 seconds .

========================================================================
Received Import Request.
  Time since last request: 0.000198 seconds.
  path: Assets/Prefabs/droid_conceptmodel Variant.prefab
  artifactKey: Guid(ab0e55fdb8f6e64428b3d503d7b4e798) Importer(815301076,1909f56bfc062723c751e8b465ee728b)
Start importing Assets/Prefabs/droid_conceptmodel Variant.prefab using Guid(ab0e55fdb8f6e64428b3d503d7b4e798) Importer(815301076,1909f56bfc062723c751e8b465ee728b)  -> (artifact id: '0007e3cf42c739cf92a71b4a7c1d88ee') in 0.007280 seconds
  Import took 0.009434 seconds .

========================================================================
Received Prepare
Registering precompiled user dll's ...
Registered in 0.000636 seconds.
Begin MonoManager ReloadAssembly
Native extension for WindowsStandalone target not found
Native extension for WebGL target not found
Refreshing native plugins compatible for Editor in 0.21 ms, found 0 plugins.
Preloading 0 native plugins for Editor in 0.00 ms.
Mono: successfully reloaded assembly
- Completed reload, in  0.697 seconds
Platform modules already initialized, skipping
Refreshing native plugins compatible for Editor in 0.22 ms, found 0 plugins.
Preloading 0 native plugins for Editor in 0.00 ms.
Unloading 1425 Unused Serialized files (Serialized files now loaded: 0)
System memory in use before: 83.8 MB.
System memory in use after: 83.9 MB.

Unloading 5 unused Assets to reduce memory usage. Loaded Objects now: 1936.
Total: 1.714800 ms (FindLiveObjects: 0.162700 ms CreateObjectMapping: 0.050300 ms MarkObjects: 1.445300 ms  DeleteObjects: 0.055500 ms)

========================================================================
Received Import Request.
  Time since last request: 27.887601 seconds.
  path: Assets/Scripts/PlayerInput.inputactions
  artifactKey: Guid(8e52a861446c1e34ebcfd6dddc048190) Importer(815301076,1909f56bfc062723c751e8b465ee728b)
Start importing Assets/Scripts/PlayerInput.inputactions using Guid(8e52a861446c1e34ebcfd6dddc048190) Importer(815301076,1909f56bfc062723c751e8b465ee728b)  -> (artifact id: '09c3a3b3dc788797dae2d89ce92b0211') in 0.019183 seconds
  Import took 0.021767 seconds .

========================================================================
Received Import Request.
  Time since last request: 7.471666 seconds.
  path: Assets/TVs
  artifactKey: Guid(4196f88477058984d8bffbfb5f913a4e) Importer(815301076,1909f56bfc062723c751e8b465ee728b)
Start importing Assets/TVs using Guid(4196f88477058984d8bffbfb5f913a4e) Importer(815301076,1909f56bfc062723c751e8b465ee728b)  -> (artifact id: '0f428ed0b6b88eb7a830d2fdc9efa5af') in 0.006581 seconds
  Import took 0.008853 seconds .

========================================================================
Received Import Request.
  Time since last request: 0.827053 seconds.
  path: Assets/Tv1
  artifactKey: Guid(dbeb1b14e2ba85143b9b8b00a17c1e20) Importer(815301076,1909f56bfc062723c751e8b465ee728b)
Start importing Assets/Tv1 using Guid(dbeb1b14e2ba85143b9b8b00a17c1e20) Importer(815301076,1909f56bfc062723c751e8b465ee728b)  -> (artifact id: 'b5ff2ec0ba5d38cade7b316d8092177c') in 0.007409 seconds
  Import took 0.009801 seconds .

========================================================================
Received Import Request.
  Time since last request: 0.759479 seconds.
  path: Assets/Tv5
  artifactKey: Guid(0af03631436727947ad521c69bdaa475) Importer(815301076,1909f56bfc062723c751e8b465ee728b)
Start importing Assets/Tv5 using Guid(0af03631436727947ad521c69bdaa475) Importer(815301076,1909f56bfc062723c751e8b465ee728b)  -> (artifact id: '4148c2b3217bfee985b5f68c937ca814') in 0.007273 seconds
  Import took 0.009764 seconds .

========================================================================
Received Import Request.
  Time since last request: 12.117286 seconds.
  path: Assets/Scripts
  artifactKey: Guid(884398c816d67894bab9736b3ebddc31) Importer(815301076,1909f56bfc062723c751e8b465ee728b)
Start importing Assets/Scripts using Guid(884398c816d67894bab9736b3ebddc31) Importer(815301076,1909f56bfc062723c751e8b465ee728b)  -> (artifact id: '131fbfb01954c8931fc01c6244e30687') in 0.006733 seconds
  Import took 0.009817 seconds .

========================================================================
Received Import Request.
  Time since last request: 1.048820 seconds.
  path: Assets/Scenes
  artifactKey: Guid(0d91ddd1a86224443a7b06165fa32c65) Importer(815301076,1909f56bfc062723c751e8b465ee728b)
Start importing Assets/Scenes using Guid(0d91ddd1a86224443a7b06165fa32c65) Importer(815301076,1909f56bfc062723c751e8b465ee728b)  -> (artifact id: '930b399a9c1dca9e3b36b18ba885fd86') in 0.006713 seconds
  Import took 0.009178 seconds .

========================================================================
Received Import Request.
  Time since last request: 0.587465 seconds.
  path: Assets/Prefabs
  artifactKey: Guid(cf65bf3b1e39ee8419af1cd0f17be80f) Importer(815301076,1909f56bfc062723c751e8b465ee728b)
Start importing Assets/Prefabs using Guid(cf65bf3b1e39ee8419af1cd0f17be80f) Importer(815301076,1909f56bfc062723c751e8b465ee728b)  -> (artifact id: 'af0d77d9828e9711dd8f89b64f87c373') in 0.006811 seconds
  Import took 0.008938 seconds .

========================================================================
Received Import Request.
  Time since last request: 5.087957 seconds.
  path: Assets/Computertafel
  artifactKey: Guid(8fff3a1b00a95c848bebbdd94204272c) Importer(815301076,1909f56bfc062723c751e8b465ee728b)
Start importing Assets/Computertafel using Guid(8fff3a1b00a95c848bebbdd94204272c) Importer(815301076,1909f56bfc062723c751e8b465ee728b)  -> (artifact id: 'a4039380e77dc82ab46b13f3a157c649') in 0.004127 seconds
  Import took 0.006619 seconds .

========================================================================
Received Import Request.
  Time since last request: 2.467482 seconds.
  path: Assets/Computertafel/Model
  artifactKey: Guid(2f782ce7983e6534594af2ff1593d0fd) Importer(815301076,1909f56bfc062723c751e8b465ee728b)
Start importing Assets/Computertafel/Model using Guid(2f782ce7983e6534594af2ff1593d0fd) Importer(815301076,1909f56bfc062723c751e8b465ee728b)  -> (artifact id: '45df7c90ceb168eeb71409542325ff98') in 0.004012 seconds
  Import took 0.006258 seconds .

========================================================================
Received Import Request.
  Time since last request: 0.182334 seconds.
  path: Assets/Computertafel/Model/muse_TafelComputers_exp_001.fbx
  artifactKey: Guid(fd285df1553c7f44bb752bea54344210) Importer(815301076,1909f56bfc062723c751e8b465ee728b)
Start importing Assets/Computertafel/Model/muse_TafelComputers_exp_001.fbx using Guid(fd285df1553c7f44bb752bea54344210) Importer(815301076,1909f56bfc062723c751e8b465ee728b)  -> (artifact id: 'e6d5bc6f534d84c7bc758992fdbfcda7') in 0.175962 seconds
  Import took 0.178632 seconds .

========================================================================
Received Import Request.
  Time since last request: 4.034412 seconds.
  path: Assets/Models
  artifactKey: Guid(ecf7434aabbc9fb41895e6c0daa36bbc) Importer(815301076,1909f56bfc062723c751e8b465ee728b)
Start importing Assets/Models using Guid(ecf7434aabbc9fb41895e6c0daa36bbc) Importer(815301076,1909f56bfc062723c751e8b465ee728b)  -> (artifact id: 'e364ac202483b2d34b0a34e353c5553b') in 0.007779 seconds
  Import took 0.009918 seconds .

========================================================================
Received Prepare
Registering precompiled user dll's ...
Registered in 0.000498 seconds.
Begin MonoManager ReloadAssembly
Native extension for WindowsStandalone target not found
Native extension for WebGL target not found
Refreshing native plugins compatible for Editor in 0.22 ms, found 0 plugins.
Preloading 0 native plugins for Editor in 0.00 ms.
Mono: successfully reloaded assembly
- Completed reload, in  0.704 seconds
Platform modules already initialized, skipping
Refreshing native plugins compatible for Editor in 0.23 ms, found 0 plugins.
Preloading 0 native plugins for Editor in 0.00 ms.
Unloading 1425 Unused Serialized files (Serialized files now loaded: 0)
System memory in use before: 83.9 MB.
System memory in use after: 84.0 MB.

Unloading 5 unused Assets to reduce memory usage. Loaded Objects now: 1940.
Total: 2.430200 ms (FindLiveObjects: 0.160100 ms CreateObjectMapping: 0.054300 ms MarkObjects: 2.152800 ms  DeleteObjects: 0.061900 ms)

AssetImportWorkerClient::OnTransportError - code=2 error=End of file
